Determining if the pthread_create exist failed with the following output:
Change Dir: /home/cukal/Desktop/C++/build/CMakeFiles/CMakeTmp

Run Build Command:"/usr/bin/make" "cmTC_afccb/fast"
make[1]: Entering directory '/home/cukal/Desktop/C++/build/CMakeFiles/CMakeTmp'
/usr/bin/make -f CMakeFiles/cmTC_afccb.dir/build.make CMakeFiles/cmTC_afccb.dir/build
make[2]: Entering directory '/home/cukal/Desktop/C++/build/CMakeFiles/CMakeTmp'
Building C object CMakeFiles/cmTC_afccb.dir/CheckSymbolExists.c.o
/usr/bin/cc     -o CMakeFiles/cmTC_afccb.dir/CheckSymbolExists.c.o   -c /home/cukal/Desktop/C++/build/CMakeFiles/CMakeTmp/CheckSymbolExists.c
Linking C executable cmTC_afccb
/usr/bin/cmake -E cmake_link_script CMakeFiles/cmTC_afccb.dir/link.txt --verbose=1
/usr/bin/cc       CMakeFiles/cmTC_afccb.dir/CheckSymbolExists.c.o  -o cmTC_afccb -rdynamic 
CMakeFiles/cmTC_afccb.dir/CheckSymbolExists.c.o: In function `main':
CheckSymbolExists.c:(.text+0x16): undefined reference to `pthread_create'
collect2: error: ld returned 1 exit status
CMakeFiles/cmTC_afccb.dir/build.make:97: recipe for target 'cmTC_afccb' failed
make[2]: *** [cmTC_afccb] Error 1
make[2]: Leaving directory '/home/cukal/Desktop/C++/build/CMakeFiles/CMakeTmp'
Makefile:126: recipe for target 'cmTC_afccb/fast' failed
make[1]: *** [cmTC_afccb/fast] Error 2
make[1]: Leaving directory '/home/cukal/Desktop/C++/build/CMakeFiles/CMakeTmp'

File /home/cukal/Desktop/C++/build/CMakeFiles/CMakeTmp/CheckSymbolExists.c:
/* */
#include <pthread.h>

int main(int argc, char** argv)
{
  (void)argv;
#ifndef pthread_create
  return ((int*)(&pthread_create))[argc];
#else
  (void)argc;
  return 0;
#endif
}

Determining if the function pthread_create exists in the pthreads failed with the following output:
Change Dir: /home/cukal/Desktop/C++/build/CMakeFiles/CMakeTmp

Run Build Command:"/usr/bin/make" "cmTC_4ce0c/fast"
make[1]: Entering directory '/home/cukal/Desktop/C++/build/CMakeFiles/CMakeTmp'
/usr/bin/make -f CMakeFiles/cmTC_4ce0c.dir/build.make CMakeFiles/cmTC_4ce0c.dir/build
make[2]: Entering directory '/home/cukal/Desktop/C++/build/CMakeFiles/CMakeTmp'
Building C object CMakeFiles/cmTC_4ce0c.dir/CheckFunctionExists.c.o
/usr/bin/cc    -DCHECK_FUNCTION_EXISTS=pthread_create   -o CMakeFiles/cmTC_4ce0c.dir/CheckFunctionExists.c.o   -c /usr/share/cmake-3.5/Modules/CheckFunctionExists.c
Linking C executable cmTC_4ce0c
/usr/bin/cmake -E cmake_link_script CMakeFiles/cmTC_4ce0c.dir/link.txt --verbose=1
/usr/bin/cc   -DCHECK_FUNCTION_EXISTS=pthread_create    CMakeFiles/cmTC_4ce0c.dir/CheckFunctionExists.c.o  -o cmTC_4ce0c -rdynamic -lpthreads 
/usr/bin/ld: cannot find -lpthreads
collect2: error: ld returned 1 exit status
CMakeFiles/cmTC_4ce0c.dir/build.make:97: recipe for target 'cmTC_4ce0c' failed
make[2]: *** [cmTC_4ce0c] Error 1
make[2]: Leaving directory '/home/cukal/Desktop/C++/build/CMakeFiles/CMakeTmp'
Makefile:126: recipe for target 'cmTC_4ce0c/fast' failed
make[1]: *** [cmTC_4ce0c/fast] Error 2
make[1]: Leaving directory '/home/cukal/Desktop/C++/build/CMakeFiles/CMakeTmp'


